<?xml version="1.0" encoding="UTF-8"?>
<!-- Generated by org.testng.reporters.JUnitReportReporter -->
<testsuite hostname="Sumera" failures="0" tests="1" name="testCases.TC_002_LoginTest" time="3.282" errors="0" timestamp="2024-10-26T10:57:49 BST" skipped="0">
  <testcase classname="testCases.TC_002_LoginTest" name="verify_login" time="3.282"/>
</testsuite> <!-- testCases.TC_002_LoginTest -->
