<?xml version="1.0" encoding="UTF-8"?>
<!-- Generated by org.testng.reporters.JUnitReportReporter -->
<testsuite hostname="Sumera" failures="0" tests="1" name="testCases.TC001_AccountRegistrationTest" time="6.672" errors="0" timestamp="2024-10-26T10:57:49 BST" skipped="0">
  <testcase classname="testCases.TC001_AccountRegistrationTest" name="verify_account_registration" time="6.672"/>
</testsuite> <!-- testCases.TC001_AccountRegistrationTest -->
