<?xml version="1.0" encoding="UTF-8"?>
<!-- Generated by org.testng.reporters.JUnitReportReporter -->
<testsuite hostname="Sumera" failures="0" tests="1" name="testCases.TC_002_LoginTest" time="3.689" errors="0" timestamp="2024-10-27T20:42:25 GMT" skipped="0">
  <testcase classname="testCases.TC_002_LoginTest" name="verify_login" time="3.689"/>
</testsuite> <!-- testCases.TC_002_LoginTest -->
